<?xml version="1.0" encoding="UTF-8"?>
<!-- Generated by org.testng.reporters.JUnitXMLReporter -->
<testsuite ignored="0" hostname="DESKTOP-LP0KD3C" failures="0" tests="5" name="Default test" time="561.295" errors="0" timestamp="2024-04-27T00:04:02 IST">
  <testcase classname="DataProvider_Annotation.Task" name="TestCase1" time="55.218"/>
  <testcase classname="DataProvider_Annotation.Task" name="TestCase1" time="56.399"/>
  <testcase classname="DataProvider_Annotation.Task" name="TestCase1" time="52.887"/>
  <testcase classname="DataProvider_Annotation.Task" name="TestCase1" time="74.586"/>
  <testcase classname="DataProvider_Annotation.Task" name="TestCase1" time="319.758"/>
</testsuite> <!-- Default test -->
