<?xml version="1.0" encoding="UTF-8"?>
<!-- Generated by org.testng.reporters.JUnitXMLReporter -->
<testsuite ignored="0" hostname="DESKTOP-LP0KD3C" failures="0" tests="6" name="Test" time="0.509" errors="0" timestamp="2024-04-25T13:24:45 IST">
  <testcase classname="Govt_Banks.PNB" name="CheckBalance_PNB" time="0.049"/>
  <testcase classname="Govt_Banks.PNB" name="Login_PNB" time="0.008"/>
  <testcase classname="Govt_Banks.PNB" name="TransferAmount_PNB" time="0.013"/>
  <testcase classname="Govt_Banks.SBI" name="CheckBalance_SBI" time="0.018"/>
  <testcase classname="Govt_Banks.SBI" name="Login_SBI" time="0.013"/>
  <testcase classname="Govt_Banks.SBI" name="TransferAmount_SBI" time="0.011"/>
</testsuite> <!-- Test -->
