<?xml version="1.0" encoding="UTF-8"?>
<testng-results ignored="0" total="5" passed="5" failed="0" skipped="0">
  <reporter-output>
  </reporter-output>
  <suite started-at="2024-04-26T23:54:37 IST" name="Default suite" finished-at="2024-04-27T00:03:58 IST" duration-ms="561295">
    <groups>
    </groups>
    <test started-at="2024-04-26T23:54:37 IST" name="Default test" finished-at="2024-04-27T00:03:58 IST" duration-ms="561295">
      <class name="DataProvider_Annotation.Task">
        <test-method signature="TestCase1([Ljava.lang.CharSequence;)[pri:0, instance:DataProvider_Annotation.Task@6069db50]" started-at="2024-04-26T23:54:37 IST" name="TestCase1" data-provider="testData" finished-at="2024-04-26T23:55:32 IST" duration-ms="55218" status="PASS">
          <params>
            <param index="0">
              <value>
                <![CDATA[[Ljava.lang.CharSequence;@16fe9c29]]>
              </value>
            </param>
          </params>
          <reporter-output>
          </reporter-output>
        </test-method> <!-- TestCase1 -->
        <test-method signature="TestCase1([Ljava.lang.CharSequence;)[pri:0, instance:DataProvider_Annotation.Task@6069db50]" started-at="2024-04-26T23:55:32 IST" name="TestCase1" data-provider="testData" finished-at="2024-04-26T23:56:29 IST" duration-ms="56399" status="PASS">
          <params>
            <param index="0">
              <value>
                <![CDATA[[Ljava.lang.CharSequence;@715fb77]]>
              </value>
            </param>
          </params>
          <reporter-output>
          </reporter-output>
        </test-method> <!-- TestCase1 -->
        <test-method signature="TestCase1([Ljava.lang.CharSequence;)[pri:0, instance:DataProvider_Annotation.Task@6069db50]" started-at="2024-04-26T23:56:29 IST" name="TestCase1" data-provider="testData" finished-at="2024-04-26T23:57:22 IST" duration-ms="52887" status="PASS">
          <params>
            <param index="0">
              <value>
                <![CDATA[[Ljava.lang.CharSequence;@2e52fb3e]]>
              </value>
            </param>
          </params>
          <reporter-output>
          </reporter-output>
        </test-method> <!-- TestCase1 -->
        <test-method signature="TestCase1([Ljava.lang.CharSequence;)[pri:0, instance:DataProvider_Annotation.Task@6069db50]" started-at="2024-04-26T23:57:22 IST" name="TestCase1" data-provider="testData" finished-at="2024-04-26T23:58:36 IST" duration-ms="74586" status="PASS">
          <params>
            <param index="0">
              <value>
                <![CDATA[[Ljava.lang.CharSequence;@1b9c1b51]]>
              </value>
            </param>
          </params>
          <reporter-output>
          </reporter-output>
        </test-method> <!-- TestCase1 -->
        <test-method signature="TestCase1([Ljava.lang.CharSequence;)[pri:0, instance:DataProvider_Annotation.Task@6069db50]" started-at="2024-04-26T23:58:36 IST" name="TestCase1" data-provider="testData" finished-at="2024-04-27T00:03:56 IST" duration-ms="319758" status="PASS">
          <params>
            <param index="0">
              <value>
                <![CDATA[[Ljava.lang.CharSequence;@3e9803c2]]>
              </value>
            </param>
          </params>
          <reporter-output>
          </reporter-output>
        </test-method> <!-- TestCase1 -->
      </class> <!-- DataProvider_Annotation.Task -->
    </test> <!-- Default test -->
  </suite> <!-- Default suite -->
</testng-results>
